<?xml version="1.0" encoding="UTF-8"?>
<!-- Generated by org.testng.reporters.JUnitXMLReporter -->
<testsuite ignored="0" hostname="DESKTOP-V89NTNP" failures="1" tests="1" name="ThreeTest" time="8.466" errors="0" timestamp="2024-05-27T16:45:50 IST">
  <testcase classname="tests.ThreeTest" name="testThree" time="8.298">
    <failure type="java.lang.AssertionError" message="expected [true] but found [false]">
      <![CDATA[java.lang.AssertionError: expected [true] but found [false]
at tests.ThreeTest.testThree(ThreeTest.java:21)
at java.base/java.util.ArrayList.forEach(ArrayList.java:1541)
... Removed 31 stack frames]]>
    </failure>
  </testcase> <!-- testThree -->
</testsuite> <!-- ThreeTest -->
